#
# A fatal error has been detected by the Java Runtime Environment:
#
#  SIGSEGV (0xb) at pc=0x000000010301fa52, pid=11761, tid=0x0000000000005103
#
# JRE version: Java(TM) SE Runtime Environment (8.0_144-b01) (build 1.8.0_144-b01)
# Java VM: Java HotSpot(TM) 64-Bit Server VM (25.144-b01 mixed mode bsd-amd64 compressed oops)
# Problematic frame:
# V  [libjvm.dylib+0x501a52]  SignatureIterator::expect(char)+0x14
#
# Failed to write core dump. Core dumps have been disabled. To enable core dumping, try "ulimit -c unlimited" before starting Java again
#
# If you would like to submit a bug report, please visit:
#   http://bugreport.java.com/bugreport/crash.jsp
#

---------------  T H R E A D  ---------------

Current thread (0x00007f9ab2024000):  VMThread [stack: 0x000070000a2b9000,0x000070000a3b9000] [id=20739]

siginfo: si_signo: 11 (SIGSEGV), si_code: 1 (SEGV_MAPERR), si_addr: 0x0000000000000008

Registers:
RAX=0x0000000000000000, RBX=0x000070000a3b8148, RCX=0x0000000000000000, RDX=0x0000000000000000
RSP=0x000070000a3b7fe0, RBP=0x000070000a3b80f0, RSI=0x0000000000000028, RDI=0x000070000a3b8148
R8 =0x0000000000000594, R9 =0x0000000000000033, R10=0x00000000000000ff, R11=0x00000000000005a4
R12=0x000070000a3b8148, R13=0x00007f9ab2024000, R14=0x0000000000000000, R15=0x000070000a3b8778
RIP=0x000000010301fa52, EFLAGS=0x0000000000010202, ERR=0x0000000000000004
  TRAPNO=0x000000000000000e

Top of Stack: (sp=0x000070000a3b7fe0)
0x000070000a3b7fe0:   000000079766b670 000000079766b6d8
0x000070000a3b7ff0:   000000079766b818 000000079766b8f0
0x000070000a3b8000:   000000079766b960 000000079766b9c8
0x000070000a3b8010:   000000079766ba38 000000079766bab8
0x000070000a3b8020:   000000079766bb20 0000000740001990
0x000070000a3b8030:   000000079766bb88 000000079766bbf8
0x000070000a3b8040:   000000079766bc68 000000079766bcd0
0x000070000a3b8050:   000000079766bd38 000000079766bda0
0x000070000a3b8060:   000000079766be08 000000079766be70
0x000070000a3b8070:   000000079766bf08 000000079766bf70
0x000070000a3b8080:   000000079766bfd8 000000079766c048
0x000070000a3b8090:   000000079766c0b0 000000079766c118
0x000070000a3b80a0:   000000079766c188 000000079766c1f0
0x000070000a3b80b0:   000000079766c258 000000079766c2c0
0x000070000a3b80c0:   000070000a3b80f0 000000010301f817
0x000070000a3b80d0:   0000000797658c40 000070000a3b8148
0x000070000a3b80e0:   000070000a3b8110 000070000a3b8148
0x000070000a3b80f0:   000070000a3b8130 000000010301fb52
0x000070000a3b8100:   0000000000000000 0000000000000594
0x000070000a3b8110:   000070000a3b8148 00007f9ab2024000
0x000070000a3b8120:   0000000000000000 000070000a3b8778
0x000070000a3b8130:   000070000a3b85b0 0000000102da55c5
0x000070000a3b8140:   000000079766c9d0 0000000103341fa0
0x000070000a3b8150:   0000000000000000 0000000000000000
0x000070000a3b8160:   000000070000000e 000070000a3b8580
0x000070000a3b8170:   0000000700000000 4fffffff4fffffff
0x000070000a3b8180:   000000074fffffff 000000079766cdf8
0x000070000a3b8190:   000000079766ced0 000000079766cf38
0x000070000a3b81a0:   000000079766cfa0 000000079766d010
0x000070000a3b81b0:   000000079766d078 000000079766d0f8
0x000070000a3b81c0:   000000079766d160 000000079766d1d0
0x000070000a3b81d0:   000000079766d1d0 000000079766d248 

Instructions: (pc=0x000000010301fa52)
0x000000010301fa32:   df 48 83 c4 08 5b 5d e9 7c ff ff ff 55 48 89 e5
0x000000010301fa42:   53 48 81 ec 08 01 00 00 48 63 47 10 48 8b 4f 08
0x000000010301fa52:   40 38 74 01 08 48 89 fb 74 39 40 0f be d6 48 8d
0x000000010301fa62:   bd f0 fe ff ff 48 8d 35 40 67 11 00 30 c0 e8 47 

Register to memory mapping:

RAX=0x0000000000000000 is an unknown value
RBX=0x000070000a3b8148 is an unknown value
RCX=0x0000000000000000 is an unknown value
RDX=0x0000000000000000 is an unknown value
RSP=0x000070000a3b7fe0 is an unknown value
RBP=0x000070000a3b80f0 is an unknown value
RSI=0x0000000000000028 is an unknown value
RDI=0x000070000a3b8148 is an unknown value
R8 =0x0000000000000594 is an unknown value
R9 =0x0000000000000033 is an unknown value
R10=0x00000000000000ff is an unknown value
R11=0x00000000000005a4 is an unknown value
R12=0x000070000a3b8148 is an unknown value
R13=0x00007f9ab2024000 is an unknown value
R14=0x0000000000000000 is an unknown value
R15=0x000070000a3b8778 is an unknown value


Stack: [0x000070000a2b9000,0x000070000a3b9000],  sp=0x000070000a3b7fe0,  free space=1019k
Native frames: (J=compiled Java code, j=interpreted, Vv=VM code, C=native code)
V  [libjvm.dylib+0x501a52]  SignatureIterator::expect(char)+0x14
V  [libjvm.dylib+0x501b52]  SignatureIterator::iterate_returntype()+0x28
V  [libjvm.dylib+0x2875c5]  GenerateOopMap::do_method(int, int, int, int)+0x71
V  [libjvm.dylib+0x28928f]  GenerateOopMap::interp_bb(BasicBlock*)+0x14b
V  [libjvm.dylib+0x289497]  GenerateOopMap::interp_all()+0x31
V  [libjvm.dylib+0x289a2e]  GenerateOopMap::do_interpretation()+0x44
V  [libjvm.dylib+0x289e47]  GenerateOopMap::compute_map(Thread*)+0x1fb
V  [libjvm.dylib+0x482b09]  OopMapForCacheEntry::compute_map(Thread*)+0x8f
V  [libjvm.dylib+0x482d12]  OopMapCacheEntry::fill(methodHandle, int)+0x19e
V  [libjvm.dylib+0x483245]  OopMapCache::lookup(methodHandle, int, InterpreterOopMap*) const+0x2f7
V  [libjvm.dylib+0x2c1174]  InstanceKlass::mask_for(methodHandle, int, InterpreterOopMap*)+0xd2
V  [libjvm.dylib+0x450ff5]  Method::mask_for(int, InterpreterOopMap*)+0xb3
V  [libjvm.dylib+0x39966b]  VM_GetOrSetLocal::doit()+0x47
V  [libjvm.dylib+0x5b9a69]  VM_Operation::evaluate()+0x4f
V  [libjvm.dylib+0x5b80d5]  VMThread::evaluate_operation(VM_Operation*)+0xdf
V  [libjvm.dylib+0x5b8522]  VMThread::loop()+0x328
V  [libjvm.dylib+0x5b7e41]  VMThread::run()+0x79
V  [libjvm.dylib+0x48baee]  java_start(Thread*)+0xf6
C  [libsystem_pthread.dylib+0x3305]  _pthread_body+0x7e
C  [libsystem_pthread.dylib+0x626f]  _pthread_start+0x46
C  [libsystem_pthread.dylib+0x2415]  thread_start+0xd

VM_Operation (0x000070000a7c4978): GetOrSetLocal, mode: safepoint, requested by thread 0x00007f9ab3034000


---------------  P R O C E S S  ---------------

Java Threads: ( => current thread )
  0x00007f9ab283d000 JavaThread "DestroyJavaVM" [_thread_blocked, id=9731, stack(0x0000700009daa000,0x0000700009eaa000)]
  0x00007f9ab3089000 JavaThread "pool-1-thread-1" [_thread_blocked, id=15363, stack(0x000070000aedd000,0x000070000afdd000)]
  0x00007f9ab202b800 JavaThread "Service Thread" daemon [_thread_blocked, id=17155, stack(0x000070000acd7000,0x000070000add7000)]
  0x00007f9ab3044800 JavaThread "C1 CompilerThread2" daemon [_thread_blocked, id=15107, stack(0x000070000abd4000,0x000070000acd4000)]
  0x00007f9ab3033000 JavaThread "C2 CompilerThread1" daemon [_thread_blocked, id=17667, stack(0x000070000aad1000,0x000070000abd1000)]
  0x00007f9ab3035000 JavaThread "C2 CompilerThread0" daemon [_thread_blocked, id=14595, stack(0x000070000a9ce000,0x000070000aace000)]
  0x00007f9ab202b000 JavaThread "JDWP Command Reader" daemon [_thread_in_native, id=14083, stack(0x000070000a8cb000,0x000070000a9cb000)]
  0x00007f9ab202a000 JavaThread "JDWP Event Helper Thread" daemon [_thread_blocked, id=13827, stack(0x000070000a7c8000,0x000070000a8c8000)]
  0x00007f9ab3034000 JavaThread "JDWP Transport Listener: dt_socket" daemon [_thread_blocked, id=13575, stack(0x000070000a6c5000,0x000070000a7c5000)]
  0x00007f9ab382d800 JavaThread "Signal Dispatcher" daemon [_thread_blocked, id=18947, stack(0x000070000a5c2000,0x000070000a6c2000)]
  0x00007f9ab301a800 JavaThread "Finalizer" daemon [_thread_blocked, id=12035, stack(0x000070000a4bf000,0x000070000a5bf000)]
  0x00007f9ab2824000 JavaThread "Reference Handler" daemon [_thread_blocked, id=20483, stack(0x000070000a3bc000,0x000070000a4bc000)]

Other Threads:
=>0x00007f9ab2024000 VMThread [stack: 0x000070000a2b9000,0x000070000a3b9000] [id=20739]
  0x00007f9ab307a000 WatcherThread [stack: 0x000070000adda000,0x000070000aeda000] [id=16643]

VM state:at safepoint (normal execution)

VM Mutex/Monitor currently owned by a thread:  ([mutex/lock_event])
[0x00007f9ab1d0cd00] Threads_lock - owner thread: 0x00007f9ab2024000

Heap:
 PSYoungGen      total 38400K, used 20121K [0x0000000795580000, 0x0000000798000000, 0x00000007c0000000)
  eden space 33280K, 45% used [0x0000000795580000,0x0000000796428330,0x0000000797600000)
  from space 5120K, 99% used [0x0000000797600000,0x0000000797afe440,0x0000000797b00000)
  to   space 5120K, 0% used [0x0000000797b00000,0x0000000797b00000,0x0000000798000000)
 ParOldGen       total 87552K, used 1666K [0x0000000740000000, 0x0000000745580000, 0x0000000795580000)
  object space 87552K, 1% used [0x0000000740000000,0x00000007401a08e0,0x0000000745580000)
 Metaspace       used 12382K, capacity 12642K, committed 12928K, reserved 1060864K
  class space    used 1303K, capacity 1387K, committed 1408K, reserved 1048576K

Card table byte_map: [0x00000001047c0000,0x0000000104bc1000] byte_map_base: 0x0000000100dc0000

Marking Bits: (ParMarkBitMap*) 0x00000001034115d0
 Begin Bits: [0x0000000104e6c000, 0x0000000106e6c000)
 End Bits:   [0x0000000106e6c000, 0x0000000108e6c000)

Polling page: 0x0000000103b08000

CodeCache: size=245760Kb used=5109Kb max_used=5136Kb free=240650Kb
 bounds [0x0000000111ed3000, 0x00000001123e3000, 0x0000000120ed3000]
 total_blobs=1699 nmethods=1345 adapters=276
 compilation: enabled

Compilation events (10 events):
Event: 2.148 Thread 0x00007f9ab3033000 nmethod 1253 0x00000001123bba90 code [0x00000001123bbbe0, 0x00000001123bbc58]
Event: 2.148 Thread 0x00007f9ab3033000 1245 %     4       org.jsoup.parser.CharacterReader::consumeToAny @ 39 (119 bytes)
Event: 2.154 Thread 0x00007f9ab3035000 nmethod 1302 0x00000001123bb150 code [0x00000001123bb2a0, 0x00000001123bb7b8]
Event: 2.154 Thread 0x00007f9ab3035000 1344 %     4       org.jsoup.nodes.Entities::escape @ 33 (393 bytes)
Event: 2.287 Thread 0x00007f9ab3033000 nmethod 1245% 0x00000001123cf490 code [0x00000001123cf700, 0x00000001123d20f8]
Event: 2.288 Thread 0x00007f9ab3033000 1338       4       java.lang.StringBuilder::append (6 bytes)
Event: 2.291 Thread 0x00007f9ab3033000 nmethod 1338 0x00000001123ba890 code [0x00000001123baa00, 0x00000001123badd8]
Event: 2.291 Thread 0x00007f9ab3033000 1339       4       org.jsoup.nodes.Entities::canEncode (57 bytes)
Event: 2.293 Thread 0x00007f9ab3033000 nmethod 1339 0x00000001123bd110 code [0x00000001123bd260, 0x00000001123bd358]
Event: 2.341 Thread 0x00007f9ab3035000 nmethod 1344% 0x00000001123d8e10 code [0x00000001123d91c0, 0x00000001123dccd8]

GC Heap History (2 events):
Event: 1.320 GC heap before
{Heap before GC invocations=1 (full 0):
 PSYoungGen      total 38400K, used 33280K [0x0000000795580000, 0x0000000798000000, 0x00000007c0000000)
  eden space 33280K, 100% used [0x0000000795580000,0x0000000797600000,0x0000000797600000)
  from space 5120K, 0% used [0x0000000797b00000,0x0000000797b00000,0x0000000798000000)
  to   space 5120K, 0% used [0x0000000797600000,0x0000000797600000,0x0000000797b00000)
 ParOldGen       total 87552K, used 0K [0x0000000740000000, 0x0000000745580000, 0x0000000795580000)
  object space 87552K, 0% used [0x0000000740000000,0x0000000740000000,0x0000000745580000)
 Metaspace       used 9989K, capacity 10228K, committed 10496K, reserved 1058816K
  class space    used 1045K, capacity 1160K, committed 1280K, reserved 1048576K
Event: 1.334 GC heap after
Heap after GC invocations=1 (full 0):
 PSYoungGen      total 38400K, used 5113K [0x0000000795580000, 0x0000000798000000, 0x00000007c0000000)
  eden space 33280K, 0% used [0x0000000795580000,0x0000000795580000,0x0000000797600000)
  from space 5120K, 99% used [0x0000000797600000,0x0000000797afe440,0x0000000797b00000)
  to   space 5120K, 0% used [0x0000000797b00000,0x0000000797b00000,0x0000000798000000)
 ParOldGen       total 87552K, used 1666K [0x0000000740000000, 0x0000000745580000, 0x0000000795580000)
  object space 87552K, 1% used [0x0000000740000000,0x00000007401a08e0,0x0000000745580000)
 Metaspace       used 9989K, capacity 10228K, committed 10496K, reserved 1058816K
  class space    used 1045K, capacity 1160K, committed 1280K, reserved 1048576K
}

Deoptimization events (10 events):
Event: 1.409 Thread 0x00007f9ab3089000 Uncommon trap: reason=class_check action=maybe_recompile pc=0x000000011213ec90 method=java.util.regex.Pattern$Curly.match(Ljava/util/regex/Matcher;ILjava/lang/CharSequence;)Z @ 19
Event: 1.409 Thread 0x00007f9ab3089000 Uncommon trap: reason=class_check action=maybe_recompile pc=0x000000011213ec90 method=java.util.regex.Pattern$Curly.match(Ljava/util/regex/Matcher;ILjava/lang/CharSequence;)Z @ 19
Event: 1.472 Thread 0x00007f9ab3089000 Uncommon trap: reason=unstable_if action=reinterpret pc=0x00000001121199b4 method=java.lang.CharacterDataLatin1.digit(II)I @ 82
Event: 1.572 Thread 0x00007f9ab3089000 Uncommon trap: reason=unstable_if action=reinterpret pc=0x000000011219ba74 method=java.lang.String.replace(CC)Ljava/lang/String; @ 26
Event: 1.602 Thread 0x00007f9ab3089000 Uncommon trap: reason=unstable_if action=reinterpret pc=0x00000001122e5588 method=java.util.Arrays.equals([B[B)Z @ 12
Event: 1.919 Thread 0x00007f9ab3089000 Uncommon trap: reason=class_check action=maybe_recompile pc=0x000000011222d2d4 method=java.util.regex.Matcher.search(I)Z @ 86
Event: 2.004 Thread 0x00007f9ab3089000 Uncommon trap: reason=unstable_if action=reinterpret pc=0x00000001123467e8 method=org.jsoup.parser.CharacterReader.cacheString([C[Ljava/lang/String;II)Ljava/lang/String; @ 19
Event: 2.005 Thread 0x00007f9ab3089000 Uncommon trap: reason=class_check action=maybe_recompile pc=0x000000011232cce4 method=org.jsoup.parser.CharacterReader.bufferUp()V @ 21
Event: 2.034 Thread 0x00007f9ab3089000 Uncommon trap: reason=class_check action=maybe_recompile pc=0x000000011232cce4 method=org.jsoup.parser.CharacterReader.bufferUp()V @ 21
Event: 2.043 Thread 0x00007f9ab3089000 Uncommon trap: reason=class_check action=maybe_recompile pc=0x000000011232cce4 method=org.jsoup.parser.CharacterReader.bufferUp()V @ 21

Internal exceptions (10 events):
Event: 0.541 Thread 0x00007f9ab3089000 Exception <a 'java/security/PrivilegedActionException'> (0x0000000795fcf300) thrown at [/Users/java_re/workspace/8-2-build-macosx-x86_64/jdk8u144/9417/hotspot/src/share/vm/prims/jvm.cpp, line 1390]
Event: 0.541 Thread 0x00007f9ab3089000 Exception <a 'java/security/PrivilegedActionException'> (0x0000000795fd03d0) thrown at [/Users/java_re/workspace/8-2-build-macosx-x86_64/jdk8u144/9417/hotspot/src/share/vm/prims/jvm.cpp, line 1390]
Event: 0.541 Thread 0x00007f9ab3089000 Exception <a 'java/security/PrivilegedActionException'> (0x0000000795fd07c8) thrown at [/Users/java_re/workspace/8-2-build-macosx-x86_64/jdk8u144/9417/hotspot/src/share/vm/prims/jvm.cpp, line 1390]
Event: 0.541 Thread 0x00007f9ab3089000 Exception <a 'java/security/PrivilegedActionException'> (0x0000000795fd1a10) thrown at [/Users/java_re/workspace/8-2-build-macosx-x86_64/jdk8u144/9417/hotspot/src/share/vm/prims/jvm.cpp, line 1390]
Event: 0.541 Thread 0x00007f9ab3089000 Exception <a 'java/security/PrivilegedActionException'> (0x0000000795fd1e08) thrown at [/Users/java_re/workspace/8-2-build-macosx-x86_64/jdk8u144/9417/hotspot/src/share/vm/prims/jvm.cpp, line 1390]
Event: 0.542 Thread 0x00007f9ab3089000 Exception <a 'java/security/PrivilegedActionException'> (0x0000000795fd3050) thrown at [/Users/java_re/workspace/8-2-build-macosx-x86_64/jdk8u144/9417/hotspot/src/share/vm/prims/jvm.cpp, line 1390]
Event: 0.542 Thread 0x00007f9ab3089000 Exception <a 'java/security/PrivilegedActionException'> (0x0000000795fd3448) thrown at [/Users/java_re/workspace/8-2-build-macosx-x86_64/jdk8u144/9417/hotspot/src/share/vm/prims/jvm.cpp, line 1390]
Event: 0.932 Thread 0x00007f9ab3089000 Exception <a 'java/lang/NoSuchFieldError': method resolution failed> (0x0000000796824380) thrown at [/Users/java_re/workspace/8-2-build-macosx-x86_64/jdk8u144/9417/hotspot/src/share/vm/prims/methodHandles.cpp, line 1146]
Event: 0.939 Thread 0x00007f9ab3089000 Exception <a 'java/lang/NoSuchFieldError': method resolution failed> (0x0000000796832118) thrown at [/Users/java_re/workspace/8-2-build-macosx-x86_64/jdk8u144/9417/hotspot/src/share/vm/prims/methodHandles.cpp, line 1146]
Event: 1.602 Thread 0x00007f9ab3089000 Implicit null exception at 0x00000001122e5438 to 0x00000001122e5575

Events (10 events):
Event: 253.786 Executing VM operation: EnterInterpOnlyMode done
Event: 253.786 Executing VM operation: GetCurrentLocation
Event: 253.786 Executing VM operation: GetCurrentLocation done
Event: 253.786 Executing VM operation: ChangeSingleStep
Event: 253.786 Executing VM operation: ChangeSingleStep done
Event: 253.788 Executing VM operation: GetOrSetLocal
Event: 253.788 Executing VM operation: GetOrSetLocal done
Event: 253.791 Executing VM operation: ChangeSingleStep
Event: 253.791 Executing VM operation: ChangeSingleStep done
Event: 254.949 Executing VM operation: GetOrSetLocal


Dynamic libraries:
0x0000000026202000 	/System/Library/Frameworks/Cocoa.framework/Versions/A/Cocoa
0x0000000026202000 	/System/Library/Frameworks/Security.framework/Versions/A/Security
0x0000000026202000 	/System/Library/Frameworks/ApplicationServices.framework/Versions/A/ApplicationServices
0x0000000026202000 	/usr/lib/libz.1.dylib
0x0000000026202000 	/usr/lib/libSystem.B.dylib
0x0000000026202000 	/usr/lib/libobjc.A.dylib
0x0000000026202000 	/System/Library/Frameworks/CoreFoundation.framework/Versions/A/CoreFoundation
0x0000000026202000 	/System/Library/Frameworks/Foundation.framework/Versions/C/Foundation
0x0000000026202000 	/System/Library/Frameworks/AppKit.framework/Versions/C/AppKit
0x0000000026202000 	/System/Library/Frameworks/CoreData.framework/Versions/A/CoreData
0x0000000026202000 	/System/Library/PrivateFrameworks/RemoteViewServices.framework/Versions/A/RemoteViewServices
0x0000000026202000 	/System/Library/PrivateFrameworks/UIFoundation.framework/Versions/A/UIFoundation
0x0000000026202000 	/System/Library/PrivateFrameworks/XCTTargetBootstrap.framework/Versions/A/XCTTargetBootstrap
0x0000000026202000 	/System/Library/PrivateFrameworks/IconServices.framework/Versions/A/IconServices
0x0000000026202000 	/System/Library/Frameworks/Metal.framework/Versions/A/Metal
0x0000000026202000 	/System/Library/PrivateFrameworks/DesktopServicesPriv.framework/Versions/A/DesktopServicesPriv
0x0000000026202000 	/usr/lib/libenergytrace.dylib
0x0000000026202000 	/System/Library/PrivateFrameworks/SkyLight.framework/Versions/A/SkyLight
0x0000000026202000 	/System/Library/Frameworks/CoreGraphics.framework/Versions/A/CoreGraphics
0x0000000026202000 	/System/Library/Frameworks/Accelerate.framework/Versions/A/Accelerate
0x0000000026202000 	/System/Library/Frameworks/IOSurface.framework/Versions/A/IOSurface
0x0000000026202000 	/System/Library/PrivateFrameworks/DFRFoundation.framework/Versions/A/DFRFoundation
0x0000000026202000 	/System/Library/Frameworks/AudioToolbox.framework/Versions/A/AudioToolbox
0x0000000026202000 	/System/Library/Frameworks/AudioUnit.framework/Versions/A/AudioUnit
0x0000000026202000 	/System/Library/PrivateFrameworks/DataDetectorsCore.framework/Versions/A/DataDetectorsCore
0x0000000026202000 	/System/Library/Frameworks/Carbon.framework/Versions/A/Frameworks/HIToolbox.framework/Versions/A/HIToolbox
0x0000000026202000 	/usr/lib/libicucore.A.dylib
0x0000000026202000 	/System/Library/Frameworks/QuartzCore.framework/Versions/A/QuartzCore
0x0000000026202000 	/System/Library/Frameworks/Carbon.framework/Versions/A/Frameworks/SpeechRecognition.framework/Versions/A/SpeechRecognition
0x0000000026202000 	/usr/lib/libauto.dylib
0x0000000026202000 	/usr/lib/libxml2.2.dylib
0x0000000026202000 	/System/Library/PrivateFrameworks/CoreUI.framework/Versions/A/CoreUI
0x0000000026202000 	/System/Library/Frameworks/CoreAudio.framework/Versions/A/CoreAudio
0x0000000026202000 	/System/Library/Frameworks/DiskArbitration.framework/Versions/A/DiskArbitration
0x0000000026202000 	/usr/lib/liblangid.dylib
0x0000000026202000 	/System/Library/PrivateFrameworks/MultitouchSupport.framework/Versions/A/MultitouchSupport
0x0000000026202000 	/System/Library/Frameworks/IOKit.framework/Versions/A/IOKit
0x0000000026202000 	/usr/lib/libDiagnosticMessagesClient.dylib
0x0000000026202000 	/System/Library/Frameworks/CoreServices.framework/Versions/A/CoreServices
0x0000000026202000 	/System/Library/PrivateFrameworks/PerformanceAnalysis.framework/Versions/A/PerformanceAnalysis
0x0000000026202000 	/System/Library/Frameworks/OpenGL.framework/Versions/A/OpenGL
0x0000000026202000 	/System/Library/Frameworks/ColorSync.framework/Versions/A/ColorSync
0x0000000026202000 	/System/Library/Frameworks/CoreImage.framework/Versions/A/CoreImage
0x0000000026202000 	/System/Library/Frameworks/CoreText.framework/Versions/A/CoreText
0x0000000026202000 	/System/Library/Frameworks/ImageIO.framework/Versions/A/ImageIO
0x0000000026202000 	/System/Library/PrivateFrameworks/Backup.framework/Versions/A/Backup
0x0000000026202000 	/usr/lib/libarchive.2.dylib
0x0000000026202000 	/System/Library/Frameworks/CFNetwork.framework/Versions/A/CFNetwork
0x0000000026202000 	/System/Library/Frameworks/SystemConfiguration.framework/Versions/A/SystemConfiguration
0x0000000026202000 	/usr/lib/libCRFSuite.dylib
0x0000000026202000 	/usr/lib/libc++.1.dylib
0x0000000026202000 	/usr/lib/libc++abi.dylib
0x0000000026202000 	/usr/lib/system/libcache.dylib
0x0000000026202000 	/usr/lib/system/libcommonCrypto.dylib
0x0000000026202000 	/usr/lib/system/libcompiler_rt.dylib
0x0000000026202000 	/usr/lib/system/libcopyfile.dylib
0x0000000026202000 	/usr/lib/system/libcorecrypto.dylib
0x0000000026202000 	/usr/lib/system/libdispatch.dylib
0x0000000026202000 	/usr/lib/system/libdyld.dylib
0x0000000026202000 	/usr/lib/system/libkeymgr.dylib
0x0000000026202000 	/usr/lib/system/liblaunch.dylib
0x0000000026202000 	/usr/lib/system/libmacho.dylib
0x0000000026202000 	/usr/lib/system/libquarantine.dylib
0x0000000026202000 	/usr/lib/system/libremovefile.dylib
0x0000000026202000 	/usr/lib/system/libsystem_asl.dylib
0x0000000026202000 	/usr/lib/system/libsystem_blocks.dylib
0x0000000026202000 	/usr/lib/system/libsystem_c.dylib
0x0000000026202000 	/usr/lib/system/libsystem_configuration.dylib
0x0000000026202000 	/usr/lib/system/libsystem_coreservices.dylib
0x0000000026202000 	/usr/lib/system/libsystem_darwin.dylib
0x0000000026202000 	/usr/lib/system/libsystem_dnssd.dylib
0x0000000026202000 	/usr/lib/system/libsystem_info.dylib
0x0000000026202000 	/usr/lib/system/libsystem_m.dylib
0x0000000026202000 	/usr/lib/system/libsystem_malloc.dylib
0x0000000026202000 	/usr/lib/system/libsystem_networkextension.dylib
0x0000000026202000 	/usr/lib/system/libsystem_notify.dylib
0x0000000026202000 	/usr/lib/system/libsystem_sandbox.dylib
0x0000000026202000 	/usr/lib/system/libsystem_secinit.dylib
0x0000000026202000 	/usr/lib/system/libsystem_kernel.dylib
0x0000000026202000 	/usr/lib/system/libsystem_platform.dylib
0x0000000026202000 	/usr/lib/system/libsystem_pthread.dylib
0x0000000026202000 	/usr/lib/system/libsystem_symptoms.dylib
0x0000000026202000 	/usr/lib/system/libsystem_trace.dylib
0x0000000026202000 	/usr/lib/system/libunwind.dylib
0x0000000026202000 	/usr/lib/system/libxpc.dylib
0x0000000026202000 	/usr/lib/libbsm.0.dylib
0x0000000026202000 	/usr/lib/system/libkxld.dylib
0x0000000026202000 	/System/Library/PrivateFrameworks/AppleFSCompression.framework/Versions/A/AppleFSCompression
0x0000000026202000 	/usr/lib/libOpenScriptingUtil.dylib
0x0000000026202000 	/usr/lib/libcoretls.dylib
0x0000000026202000 	/usr/lib/libcoretls_cfhelpers.dylib
0x0000000026202000 	/usr/lib/libpam.2.dylib
0x0000000026202000 	/usr/lib/libsqlite3.dylib
0x0000000026202000 	/usr/lib/libxar.1.dylib
0x0000000026202000 	/usr/lib/libbz2.1.0.dylib
0x0000000026202000 	/usr/lib/liblzma.5.dylib
0x0000000026202000 	/usr/lib/libnetwork.dylib
0x0000000026202000 	/usr/lib/libapple_nghttp2.dylib
0x0000000026202000 	/usr/lib/libpcap.A.dylib
0x0000000026202000 	/System/Library/Frameworks/CoreServices.framework/Versions/A/Frameworks/FSEvents.framework/Versions/A/FSEvents
0x0000000026202000 	/System/Library/Frameworks/CoreServices.framework/Versions/A/Frameworks/CarbonCore.framework/Versions/A/CarbonCore
0x0000000026202000 	/System/Library/Frameworks/CoreServices.framework/Versions/A/Frameworks/Metadata.framework/Versions/A/Metadata
0x0000000026202000 	/System/Library/Frameworks/CoreServices.framework/Versions/A/Frameworks/OSServices.framework/Versions/A/OSServices
0x0000000026202000 	/System/Library/Frameworks/CoreServices.framework/Versions/A/Frameworks/SearchKit.framework/Versions/A/SearchKit
0x0000000026202000 	/System/Library/Frameworks/CoreServices.framework/Versions/A/Frameworks/AE.framework/Versions/A/AE
0x0000000026202000 	/System/Library/Frameworks/CoreServices.framework/Versions/A/Frameworks/LaunchServices.framework/Versions/A/LaunchServices
0x0000000026202000 	/System/Library/Frameworks/CoreServices.framework/Versions/A/Frameworks/DictionaryServices.framework/Versions/A/DictionaryServices
0x0000000026202000 	/System/Library/Frameworks/CoreServices.framework/Versions/A/Frameworks/SharedFileList.framework/Versions/A/SharedFileList
0x0000000026202000 	/System/Library/Frameworks/NetFS.framework/Versions/A/NetFS
0x0000000026202000 	/System/Library/PrivateFrameworks/NetAuth.framework/Versions/A/NetAuth
0x0000000026202000 	/System/Library/PrivateFrameworks/login.framework/Versions/A/Frameworks/loginsupport.framework/Versions/A/loginsupport
0x0000000026202000 	/System/Library/PrivateFrameworks/TCC.framework/Versions/A/TCC
0x0000000026202000 	/System/Library/PrivateFrameworks/CoreNLP.framework/Versions/A/CoreNLP
0x0000000026202000 	/System/Library/PrivateFrameworks/MetadataUtilities.framework/Versions/A/MetadataUtilities
0x0000000026202000 	/usr/lib/libmecabra.dylib
0x0000000026202000 	/System/Library/Frameworks/ApplicationServices.framework/Versions/A/Frameworks/ATS.framework/Versions/A/ATS
0x0000000026202000 	/System/Library/Frameworks/ApplicationServices.framework/Versions/A/Frameworks/ColorSyncLegacy.framework/Versions/A/ColorSyncLegacy
0x0000000026202000 	/System/Library/Frameworks/ApplicationServices.framework/Versions/A/Frameworks/HIServices.framework/Versions/A/HIServices
0x0000000026202000 	/System/Library/Frameworks/ApplicationServices.framework/Versions/A/Frameworks/LangAnalysis.framework/Versions/A/LangAnalysis
0x0000000026202000 	/System/Library/Frameworks/ApplicationServices.framework/Versions/A/Frameworks/PrintCore.framework/Versions/A/PrintCore
0x0000000026202000 	/System/Library/Frameworks/ApplicationServices.framework/Versions/A/Frameworks/QD.framework/Versions/A/QD
0x0000000026202000 	/System/Library/Frameworks/ApplicationServices.framework/Versions/A/Frameworks/SpeechSynthesis.framework/Versions/A/SpeechSynthesis
0x0000000026202000 	/usr/lib/libcompression.dylib
0x0000000026202000 	/System/Library/Frameworks/CoreDisplay.framework/Versions/A/CoreDisplay
0x0000000026202000 	/System/Library/Frameworks/MetalPerformanceShaders.framework/Versions/A/MetalPerformanceShaders
0x0000000026202000 	/System/Library/Frameworks/Accelerate.framework/Versions/A/Frameworks/vImage.framework/Versions/A/vImage
0x0000000026202000 	/System/Library/Frameworks/Accelerate.framework/Versions/A/Frameworks/vecLib.framework/Versions/A/vecLib
0x0000000026202000 	/System/Library/Frameworks/Accelerate.framework/Versions/A/Frameworks/vecLib.framework/Versions/A/libvMisc.dylib
0x0000000026202000 	/System/Library/Frameworks/Accelerate.framework/Versions/A/Frameworks/vecLib.framework/Versions/A/libvDSP.dylib
0x0000000026202000 	/System/Library/Frameworks/Accelerate.framework/Versions/A/Frameworks/vecLib.framework/Versions/A/libBLAS.dylib
0x0000000026202000 	/System/Library/Frameworks/Accelerate.framework/Versions/A/Frameworks/vecLib.framework/Versions/A/libLAPACK.dylib
0x0000000026202000 	/System/Library/Frameworks/Accelerate.framework/Versions/A/Frameworks/vecLib.framework/Versions/A/libLinearAlgebra.dylib
0x0000000026202000 	/System/Library/Frameworks/Accelerate.framework/Versions/A/Frameworks/vecLib.framework/Versions/A/libSparseBLAS.dylib
0x0000000026202000 	/System/Library/Frameworks/Accelerate.framework/Versions/A/Frameworks/vecLib.framework/Versions/A/libQuadrature.dylib
0x0000000026202000 	/System/Library/Frameworks/Accelerate.framework/Versions/A/Frameworks/vecLib.framework/Versions/A/libBNNS.dylib
0x0000000026202000 	/System/Library/Frameworks/Accelerate.framework/Versions/A/Frameworks/vecLib.framework/Versions/A/libSparse.dylib
0x0000000026202000 	/System/Library/PrivateFrameworks/GPUWrangler.framework/Versions/A/GPUWrangler
0x0000000026202000 	/System/Library/PrivateFrameworks/IOAccelerator.framework/Versions/A/IOAccelerator
0x0000000026202000 	/System/Library/PrivateFrameworks/IOPresentment.framework/Versions/A/IOPresentment
0x0000000026202000 	/System/Library/PrivateFrameworks/DSExternalDisplay.framework/Versions/A/DSExternalDisplay
0x0000000026202000 	/System/Library/Frameworks/OpenGL.framework/Versions/A/Libraries/libCoreFSCache.dylib
0x0000000026202000 	/System/Library/Frameworks/MetalPerformanceShaders.framework/Frameworks/MPSCore.framework/Versions/A/MPSCore
0x0000000026202000 	/System/Library/Frameworks/MetalPerformanceShaders.framework/Frameworks/MPSImage.framework/Versions/A/MPSImage
0x0000000026202000 	/System/Library/Frameworks/MetalPerformanceShaders.framework/Frameworks/MPSNeuralNetwork.framework/Versions/A/MPSNeuralNetwork
0x0000000026202000 	/System/Library/Frameworks/MetalPerformanceShaders.framework/Frameworks/MPSMatrix.framework/Versions/A/MPSMatrix
0x0000000026202000 	/System/Library/Frameworks/MetalPerformanceShaders.framework/Frameworks/MPSRayIntersector.framework/Versions/A/MPSRayIntersector
0x0000000026202000 	/System/Library/PrivateFrameworks/MetalTools.framework/Versions/A/MetalTools
0x0000000026202000 	/System/Library/PrivateFrameworks/AggregateDictionary.framework/Versions/A/AggregateDictionary
0x0000000026202000 	/usr/lib/libMobileGestalt.dylib
0x0000000026202000 	/System/Library/Frameworks/CoreVideo.framework/Versions/A/CoreVideo
0x0000000026202000 	/System/Library/PrivateFrameworks/GraphVisualizer.framework/Versions/A/GraphVisualizer
0x0000000026202000 	/System/Library/PrivateFrameworks/FaceCore.framework/Versions/A/FaceCore
0x0000000026202000 	/System/Library/Frameworks/OpenCL.framework/Versions/A/OpenCL
0x0000000026202000 	/usr/lib/libFosl_dynamic.dylib
0x0000000026202000 	/System/Library/PrivateFrameworks/OTSVG.framework/Versions/A/OTSVG
0x0000000026202000 	/System/Library/Frameworks/ApplicationServices.framework/Versions/A/Frameworks/ATS.framework/Versions/A/Resources/libFontParser.dylib
0x0000000026202000 	/System/Library/Frameworks/ApplicationServices.framework/Versions/A/Frameworks/ATS.framework/Versions/A/Resources/libFontRegistry.dylib
0x0000000026202000 	/System/Library/Frameworks/ImageIO.framework/Versions/A/Resources/libJPEG.dylib
0x0000000026202000 	/System/Library/Frameworks/ImageIO.framework/Versions/A/Resources/libTIFF.dylib
0x0000000026202000 	/System/Library/Frameworks/ImageIO.framework/Versions/A/Resources/libPng.dylib
0x0000000026202000 	/System/Library/Frameworks/ImageIO.framework/Versions/A/Resources/libGIF.dylib
0x0000000026202000 	/System/Library/Frameworks/ImageIO.framework/Versions/A/Resources/libJP2.dylib
0x0000000026202000 	/System/Library/Frameworks/ImageIO.framework/Versions/A/Resources/libRadiance.dylib
0x0000000026202000 	/System/Library/PrivateFrameworks/AppleJPEG.framework/Versions/A/AppleJPEG
0x0000000026202000 	/System/Library/Frameworks/OpenGL.framework/Versions/A/Libraries/libGFXShared.dylib
0x0000000026202000 	/System/Library/Frameworks/OpenGL.framework/Versions/A/Libraries/libGLU.dylib
0x0000000026202000 	/System/Library/Frameworks/OpenGL.framework/Versions/A/Libraries/libGL.dylib
0x0000000026202000 	/System/Library/Frameworks/OpenGL.framework/Versions/A/Libraries/libGLImage.dylib
0x0000000026202000 	/System/Library/Frameworks/OpenGL.framework/Versions/A/Libraries/libCVMSPluginSupport.dylib
0x0000000026202000 	/System/Library/Frameworks/OpenGL.framework/Versions/A/Libraries/libCoreVMClient.dylib
0x0000000026202000 	/usr/lib/libcups.2.dylib
0x0000000026202000 	/System/Library/Frameworks/Kerberos.framework/Versions/A/Kerberos
0x0000000026202000 	/System/Library/Frameworks/GSS.framework/Versions/A/GSS
0x0000000026202000 	/usr/lib/libresolv.9.dylib
0x0000000026202000 	/usr/lib/libiconv.2.dylib
0x0000000026202000 	/System/Library/PrivateFrameworks/Heimdal.framework/Versions/A/Heimdal
0x0000000026202000 	/usr/lib/libheimdal-asn1.dylib
0x0000000026202000 	/System/Library/Frameworks/OpenDirectory.framework/Versions/A/OpenDirectory
0x0000000026202000 	/System/Library/PrivateFrameworks/CommonAuth.framework/Versions/A/CommonAuth
0x0000000026202000 	/System/Library/Frameworks/OpenDirectory.framework/Versions/A/Frameworks/CFOpenDirectory.framework/Versions/A/CFOpenDirectory
0x0000000026202000 	/System/Library/Frameworks/SecurityFoundation.framework/Versions/A/SecurityFoundation
0x0000000026202000 	/System/Library/PrivateFrameworks/APFS.framework/Versions/A/APFS
0x0000000026202000 	/usr/lib/libutil.dylib
0x0000000026202000 	/usr/lib/libcharset.1.dylib
0x0000000026202000 	/System/Library/PrivateFrameworks/AppleSauce.framework/Versions/A/AppleSauce
0x0000000026202000 	/System/Library/PrivateFrameworks/AssertionServices.framework/Versions/A/AssertionServices
0x0000000026202000 	/System/Library/PrivateFrameworks/BaseBoard.framework/Versions/A/BaseBoard
0x0000000026202000 	/usr/lib/libmecab.1.0.0.dylib
0x0000000026202000 	/usr/lib/libgermantok.dylib
0x0000000026202000 	/usr/lib/libThaiTokenizer.dylib
0x0000000026202000 	/usr/lib/libChineseTokenizer.dylib
0x0000000026202000 	/System/Library/PrivateFrameworks/LanguageModeling.framework/Versions/A/LanguageModeling
0x0000000026202000 	/System/Library/PrivateFrameworks/CoreEmoji.framework/Versions/A/CoreEmoji
0x0000000026202000 	/System/Library/PrivateFrameworks/Lexicon.framework/Versions/A/Lexicon
0x0000000026202000 	/System/Library/PrivateFrameworks/LinguisticData.framework/Versions/A/LinguisticData
0x0000000026202000 	/usr/lib/libcmph.dylib
0x0000000026202000 	/System/Library/Frameworks/ServiceManagement.framework/Versions/A/ServiceManagement
0x0000000026202000 	/System/Library/PrivateFrameworks/BackgroundTaskManagement.framework/Versions/A/BackgroundTaskManagement
0x0000000026202000 	/usr/lib/libxslt.1.dylib
0x0000000026202000 	/System/Library/Frameworks/Carbon.framework/Versions/A/Frameworks/Ink.framework/Versions/A/Ink
0x0000000026202000 	/System/Library/PrivateFrameworks/TextureIO.framework/Versions/A/TextureIO
0x0000000026202000 	/usr/lib/libate.dylib
0x0000000026202000 	/System/Library/PrivateFrameworks/CrashReporterSupport.framework/Versions/A/CrashReporterSupport
0x0000000026202000 	/System/Library/PrivateFrameworks/Sharing.framework/Versions/A/Sharing
0x0000000026202000 	/System/Library/PrivateFrameworks/AuthKit.framework/Versions/A/AuthKit
0x0000000026202000 	/System/Library/PrivateFrameworks/Apple80211.framework/Versions/A/Apple80211
0x0000000026202000 	/System/Library/PrivateFrameworks/CoreUtils.framework/Versions/A/CoreUtils
0x0000000026202000 	/System/Library/Frameworks/CoreWLAN.framework/Versions/A/CoreWLAN
0x0000000026202000 	/System/Library/Frameworks/IOBluetooth.framework/Versions/A/IOBluetooth
0x0000000026202000 	/System/Library/PrivateFrameworks/ProtocolBuffer.framework/Versions/A/ProtocolBuffer
0x0000000026202000 	/System/Library/PrivateFrameworks/MobileKeyBag.framework/Versions/A/MobileKeyBag
0x0000000026202000 	/System/Library/PrivateFrameworks/CorePhoneNumbers.framework/Versions/A/CorePhoneNumbers
0x0000000026202000 	/System/Library/PrivateFrameworks/AppleIDAuthSupport.framework/Versions/A/AppleIDAuthSupport
0x0000000026202000 	/System/Library/PrivateFrameworks/KeychainCircle.framework/Versions/A/KeychainCircle
0x0000000026202000 	/System/Library/PrivateFrameworks/ROCKit.framework/Versions/A/ROCKit
0x0000000026202000 	/System/Library/PrivateFrameworks/CoreWiFi.framework/Versions/A/CoreWiFi
0x0000000026202000 	/System/Library/Frameworks/CoreBluetooth.framework/Versions/A/CoreBluetooth
0x0000000026202000 	/System/Library/PrivateFrameworks/DebugSymbols.framework/Versions/A/DebugSymbols
0x0000000026202000 	/System/Library/PrivateFrameworks/CoreSymbolication.framework/Versions/A/CoreSymbolication
0x0000000026202000 	/System/Library/PrivateFrameworks/Symbolication.framework/Versions/A/Symbolication
0x0000000026202000 	/System/Library/PrivateFrameworks/SpeechRecognitionCore.framework/Versions/A/SpeechRecognitionCore
0x0000000102b1e000 	/Library/Java/JavaVirtualMachines/jdk1.8.0_144.jdk/Contents/Home/jre/lib/server/libjvm.dylib
0x0000000026202000 	/usr/lib/libstdc++.6.dylib
0x0000000103ac5000 	/Library/Java/JavaVirtualMachines/jdk1.8.0_144.jdk/Contents/Home/jre/lib/libverify.dylib
0x0000000103ad3000 	/Library/Java/JavaVirtualMachines/jdk1.8.0_144.jdk/Contents/Home/jre/lib/libjava.dylib
0x0000000103b09000 	/Library/Java/JavaVirtualMachines/jdk1.8.0_144.jdk/Contents/Home/jre/lib/libjdwp.dylib
0x0000000103b54000 	/Library/Java/JavaVirtualMachines/jdk1.8.0_144.jdk/Contents/Home/jre/lib/libnpt.dylib
0x0000000103ba1000 	/Library/Java/JavaVirtualMachines/jdk1.8.0_144.jdk/Contents/Home/jre/lib/libzip.dylib
0x0000000026202000 	/System/Library/Frameworks/JavaVM.framework/Versions/A/Frameworks/JavaRuntimeSupport.framework/Versions/A/JavaRuntimeSupport
0x0000000026202000 	/System/Library/Frameworks/JavaVM.framework/Versions/A/Frameworks/JavaNativeFoundation.framework/Versions/A/JavaNativeFoundation
0x0000000026202000 	/System/Library/Frameworks/JavaVM.framework/Versions/A/JavaVM
0x0000000026202000 	/System/Library/Frameworks/Carbon.framework/Versions/A/Carbon
0x0000000026202000 	/System/Library/PrivateFrameworks/JavaLaunching.framework/Versions/A/JavaLaunching
0x0000000026202000 	/System/Library/Frameworks/Carbon.framework/Versions/A/Frameworks/CommonPanels.framework/Versions/A/CommonPanels
0x0000000026202000 	/System/Library/Frameworks/Carbon.framework/Versions/A/Frameworks/Help.framework/Versions/A/Help
0x0000000026202000 	/System/Library/Frameworks/Carbon.framework/Versions/A/Frameworks/ImageCapture.framework/Versions/A/ImageCapture
0x0000000026202000 	/System/Library/Frameworks/Carbon.framework/Versions/A/Frameworks/OpenScripting.framework/Versions/A/OpenScripting
0x0000000026202000 	/System/Library/Frameworks/Carbon.framework/Versions/A/Frameworks/Print.framework/Versions/A/Print
0x0000000026202000 	/System/Library/Frameworks/Carbon.framework/Versions/A/Frameworks/SecurityHI.framework/Versions/A/SecurityHI
0x000000010c701000 	/Library/Java/JavaVirtualMachines/jdk1.8.0_144.jdk/Contents/Home/jre/lib/libdt_socket.dylib
0x000000010ce2b000 	/Library/Java/JavaVirtualMachines/jdk1.8.0_144.jdk/Contents/Home/jre/lib/libnet.dylib
0x000000010ce44000 	/Library/Java/JavaVirtualMachines/jdk1.8.0_144.jdk/Contents/Home/jre/lib/libsunec.dylib
0x000000010ce6d000 	/Library/Java/JavaVirtualMachines/jdk1.8.0_144.jdk/Contents/Home/jre/lib/libnio.dylib

VM Arguments:
jvm_args: -agentlib:jdwp=transport=dt_socket,suspend=y,address=localhost:64336 -Dfile.encoding=UTF-8 
java_command: ar.edu.ubp.das.src.orchestrator.main.Main
java_class_path (initial): /Library/Java/JavaVirtualMachines/jdk1.8.0_144.jdk/Contents/Home/jre/lib/resources.jar:/Library/Java/JavaVirtualMachines/jdk1.8.0_144.jdk/Contents/Home/jre/lib/rt.jar:/Library/Java/JavaVirtualMachines/jdk1.8.0_144.jdk/Contents/Home/jre/lib/jsse.jar:/Library/Java/JavaVirtualMachines/jdk1.8.0_144.jdk/Contents/Home/jre/lib/jce.jar:/Library/Java/JavaVirtualMachines/jdk1.8.0_144.jdk/Contents/Home/jre/lib/charsets.jar:/Library/Java/JavaVirtualMachines/jdk1.8.0_144.jdk/Contents/Home/jre/lib/jfr.jar:/Library/Java/JavaVirtualMachines/jdk1.8.0_144.jdk/Contents/Home/jre/lib/ext/sunec.jar:/Library/Java/JavaVirtualMachines/jdk1.8.0_144.jdk/Contents/Home/jre/lib/ext/nashorn.jar:/Library/Java/JavaVirtualMachines/jdk1.8.0_144.jdk/Contents/Home/jre/lib/ext/cldrdata.jar:/Library/Java/JavaVirtualMachines/jdk1.8.0_144.jdk/Contents/Home/jre/lib/ext/jfxrt.jar:/Library/Java/JavaVirtualMachines/jdk1.8.0_144.jdk/Contents/Home/jre/lib/ext/dnsns.jar:/Library/Java/JavaVirtualMachines/jdk1.8.0_144.jdk/Contents/Home/jre/lib/ext/localedata.jar:/Library/Java/JavaVirtualMachines/jdk1.8.0_144.jdk/Contents/Home/jre/lib/ext/sunjce_provider.jar:/Library/Java/JavaVirtualMachines/jdk1.8.0_144.jdk/Contents/Home/jre/lib/ext/sunpkcs11.jar:/Library/Java/JavaVirtualMachines/jdk1.8.0_144.jdk/Contents/Home/jre/lib/ext/jaccess.jar:/Library/Java/JavaVirtualMachines/jdk1.8.0_144.jdk/Contents/Home/jre/lib/ext/zipfs.jar:/System/Library/Java/Extensions/MRJToolkit.jar:/Users/gframirez/Documents/UBP/Q10/DAS/Final-DAS/Implementacion/Servicios/ServicesOrchestrator/build/classes:/Users/gframirez/Documents/UBP/Q9/PDC/Otros/Herramientas/apache-tomcat-9.0.7/lib/gson-2.8.5.jar:/Users/gframirez/Documents/UBP/Q9/PDC/Otros/Herramientas/apache-tomcat-9.0.7/lib/el-api.jar:/Users/gframirez/Documents/UBP/Q9/PDC/Otros/Herramientas/apache-tomcat-9.0.7/lib/tomcat-i18n-es.jar:/Users/gframirez/Documents/UBP/Q9/PDC/Otros/Herramientas/apache-tomcat-9.0.7/lib/tomcat-websocket.jar:/Users/gframirez/Documents/UBP/Q
Launcher Type: SUN_STANDARD

Environment Variables:
PATH=/usr/bin:/bin:/usr/sbin:/sbin
SHELL=/bin/bash

Signal Handlers:
SIGSEGV: [libjvm.dylib+0x5b26e5], sa_mask[0]=11111111011111110111111111111111, sa_flags=SA_ONSTACK|SA_RESTART|SA_SIGINFO
SIGBUS: [libjvm.dylib+0x5b26e5], sa_mask[0]=11111111011111110111111111111111, sa_flags=SA_RESTART|SA_SIGINFO
SIGFPE: [libjvm.dylib+0x489100], sa_mask[0]=11111111011111110111111111111111, sa_flags=SA_RESTART|SA_SIGINFO
SIGPIPE: [libjvm.dylib+0x489100], sa_mask[0]=11111111011111110111111111111111, sa_flags=SA_RESTART|SA_SIGINFO
SIGXFSZ: [libjvm.dylib+0x489100], sa_mask[0]=11111111011111110111111111111111, sa_flags=SA_RESTART|SA_SIGINFO
SIGILL: [libjvm.dylib+0x489100], sa_mask[0]=11111111011111110111111111111111, sa_flags=SA_RESTART|SA_SIGINFO
SIGUSR1: SIG_DFL, sa_mask[0]=00000000000000000000000000000000, sa_flags=none
SIGUSR2: [libjvm.dylib+0x488c1e], sa_mask[0]=00100000000000000000000000000000, sa_flags=SA_RESTART|SA_SIGINFO
SIGHUP: [libjvm.dylib+0x4871f5], sa_mask[0]=11111111011111110111111111111111, sa_flags=SA_RESTART|SA_SIGINFO
SIGINT: [libjvm.dylib+0x4871f5], sa_mask[0]=11111111011111110111111111111111, sa_flags=SA_RESTART|SA_SIGINFO
SIGTERM: [libjvm.dylib+0x4871f5], sa_mask[0]=11111111011111110111111111111111, sa_flags=SA_RESTART|SA_SIGINFO
SIGQUIT: [libjvm.dylib+0x4871f5], sa_mask[0]=11111111011111110111111111111111, sa_flags=SA_RESTART|SA_SIGINFO


---------------  S Y S T E M  ---------------

OS:Bsduname:Darwin 18.2.0 Darwin Kernel Version 18.2.0: Thu Dec 20 21:58:48 PST 2018; root:xnu-4903.241.1~2/RELEASE_X86_64 x86_64
rlimit: STACK 8192k, CORE 0k, NPROC 709, NOFILE 10240, AS infinity
load average:2.09 2.49 2.63

CPU:total 4 (initial active 4) (2 cores per cpu, 2 threads per core) family 6 model 142 stepping 9, cmov, cx8, fxsr, mmx, sse, sse2, sse3, ssse3, sse4.1, sse4.2, popcnt, avx, avx2, aes, clmul, erms, 3dnowpref, lzcnt, ht, tsc, tscinvbit, bmi1, bmi2, adx

Memory: 4k page, physical 8388608k(162364k free)

/proc/meminfo:


vm_info: Java HotSpot(TM) 64-Bit Server VM (25.144-b01) for bsd-amd64 JRE (1.8.0_144-b01), built on Jul 21 2017 22:07:42 by "java_re" with gcc 4.2.1 (Based on Apple Inc. build 5658) (LLVM build 2336.11.00)

time: Tue Feb  5 02:47:21 2019
elapsed time: 255 seconds (0d 0h 4m 15s)

